<?xml version="1.0" encoding="UTF-8" ?>
<testsuite tests="24" failures="0" name="com.val.converter.ExponentOfThousandTest" time="0.024" errors="0" skipped="0">
  <properties>
    <property name="idea.version" value="2018.1.5"/>
    <property name="java.runtime.name" value="Java(TM) SE Runtime Environment"/>
    <property name="sun.boot.library.path" value="/Library/Java/JavaVirtualMachines/jdk1.8.0_144.jdk/Contents/Home/jre/lib"/>
    <property name="java.vm.version" value="25.144-b01"/>
    <property name="user.country.format" value="BY"/>
    <property name="gopherProxySet" value="false"/>
    <property name="java.vm.vendor" value="Oracle Corporation"/>
    <property name="maven.multiModuleProjectDirectory" value="/Users/elizaveta/IdeaProjects/mvn/mvnsample"/>
    <property name="java.vendor.url" value="http://java.oracle.com/"/>
    <property name="path.separator" value=":"/>
    <property name="guice.disable.misplaced.annotation.check" value="true"/>
    <property name="java.vm.name" value="Java HotSpot(TM) 64-Bit Server VM"/>
    <property name="file.encoding.pkg" value="sun.io"/>
    <property name="user.country" value="RU"/>
    <property name="sun.java.launcher" value="SUN_STANDARD"/>
    <property name="sun.os.patch.level" value="unknown"/>
    <property name="java.vm.specification.name" value="Java Virtual Machine Specification"/>
    <property name="user.dir" value="/Users/elizaveta/IdeaProjects/mvn/mvnsample"/>
    <property name="java.runtime.version" value="1.8.0_144-b01"/>
    <property name="java.awt.graphicsenv" value="sun.awt.CGraphicsEnvironment"/>
    <property name="java.endorsed.dirs" value="/Library/Java/JavaVirtualMachines/jdk1.8.0_144.jdk/Contents/Home/jre/lib/endorsed"/>
    <property name="os.arch" value="x86_64"/>
    <property name="java.io.tmpdir" value="/var/folders/4c/2nj9f5wd1gj_7lm451vh70lc0000gn/T/"/>
    <property name="line.separator" value="
"/>
    <property name="java.vm.specification.vendor" value="Oracle Corporation"/>
    <property name="os.name" value="Mac OS X"/>
    <property name="classworlds.conf" value="/Applications/IntelliJ IDEA.app/Contents/plugins/maven/lib/maven3/bin/m2.conf"/>
    <property name="sun.jnu.encoding" value="UTF-8"/>
    <property name="java.library.path" value="/Users/elizaveta/Library/Java/Extensions:/Library/Java/Extensions:/Network/Library/Java/Extensions:/System/Library/Java/Extensions:/usr/lib/java:."/>
    <property name="java.specification.name" value="Java Platform API Specification"/>
    <property name="java.class.version" value="52.0"/>
    <property name="sun.management.compiler" value="HotSpot 64-Bit Tiered Compilers"/>
    <property name="os.version" value="10.13.2"/>
    <property name="http.nonProxyHosts" value="local|*.local|169.254/16|*.169.254/16"/>
    <property name="user.home" value="/Users/elizaveta"/>
    <property name="user.timezone" value="Europe/Istanbul"/>
    <property name="java.awt.printerjob" value="sun.lwawt.macosx.CPrinterJob"/>
    <property name="java.specification.version" value="1.8"/>
    <property name="file.encoding" value="UTF-8"/>
    <property name="user.name" value="elizaveta"/>
    <property name="java.class.path" value="/Applications/IntelliJ IDEA.app/Contents/plugins/maven/lib/maven3/boot/plexus-classworlds-2.5.2.jar:/Applications/IntelliJ IDEA.app/Contents/lib/idea_rt.jar"/>
    <property name="java.vm.specification.version" value="1.8"/>
    <property name="sun.arch.data.model" value="64"/>
    <property name="java.home" value="/Library/Java/JavaVirtualMachines/jdk1.8.0_144.jdk/Contents/Home/jre"/>
    <property name="sun.java.command" value="org.codehaus.classworlds.Launcher -Didea.version=2018.1.5 package -f pom.xml"/>
    <property name="java.specification.vendor" value="Oracle Corporation"/>
    <property name="user.language" value="ru"/>
    <property name="user.language.format" value="en"/>
    <property name="awt.toolkit" value="sun.lwawt.macosx.LWCToolkit"/>
    <property name="java.vm.info" value="mixed mode"/>
    <property name="java.version" value="1.8.0_144"/>
    <property name="java.ext.dirs" value="/Users/elizaveta/Library/Java/Extensions:/Library/Java/JavaVirtualMachines/jdk1.8.0_144.jdk/Contents/Home/jre/lib/ext:/Library/Java/Extensions:/Network/Library/Java/Extensions:/System/Library/Java/Extensions:/usr/lib/java"/>
    <property name="sun.boot.class.path" value="/Library/Java/JavaVirtualMachines/jdk1.8.0_144.jdk/Contents/Home/jre/lib/resources.jar:/Library/Java/JavaVirtualMachines/jdk1.8.0_144.jdk/Contents/Home/jre/lib/rt.jar:/Library/Java/JavaVirtualMachines/jdk1.8.0_144.jdk/Contents/Home/jre/lib/sunrsasign.jar:/Library/Java/JavaVirtualMachines/jdk1.8.0_144.jdk/Contents/Home/jre/lib/jsse.jar:/Library/Java/JavaVirtualMachines/jdk1.8.0_144.jdk/Contents/Home/jre/lib/jce.jar:/Library/Java/JavaVirtualMachines/jdk1.8.0_144.jdk/Contents/Home/jre/lib/charsets.jar:/Library/Java/JavaVirtualMachines/jdk1.8.0_144.jdk/Contents/Home/jre/lib/jfr.jar:/Library/Java/JavaVirtualMachines/jdk1.8.0_144.jdk/Contents/Home/jre/classes"/>
    <property name="java.vendor" value="Oracle Corporation"/>
    <property name="maven.home" value="/Applications/IntelliJ IDEA.app/Contents/plugins/maven/lib/maven3"/>
    <property name="file.separator" value="/"/>
    <property name="java.vendor.url.bug" value="http://bugreport.sun.com/bugreport/"/>
    <property name="sun.cpu.endian" value="little"/>
    <property name="sun.io.unicode.encoding" value="UnicodeBig"/>
    <property name="socksNonProxyHosts" value="local|*.local|169.254/16|*.169.254/16"/>
    <property name="ftp.nonProxyHosts" value="local|*.local|169.254/16|*.169.254/16"/>
    <property name="sun.cpu.isalist" value=""/>
  </properties>
  <testcase classname="com.val.converter.ExponentOfThousandTest" name="asWords_numberUnderOneThousand_returnsNumberInWordRepresentation_1" time="0.004"/>
  <testcase classname="com.val.converter.ExponentOfThousandTest" name="asWords_numberUnderOneThousand_returnsNumberInWordRepresentation_2" time="0"/>
  <testcase classname="com.val.converter.ExponentOfThousandTest" name="asWords_numberUnderOneThousand_returnsNumberInWordRepresentation_3" time="0"/>
  <testcase classname="com.val.converter.ExponentOfThousandTest" name="asWords_argumentIsNegative_throwsException" time="0"/>
  <testcase classname="com.val.converter.ExponentOfThousandTest" name="asWords_bigRandomNumber_returnsNumberInWordRepresentation_1" time="0.007"/>
  <testcase classname="com.val.converter.ExponentOfThousandTest" name="asWords_bigRandomNumber_returnsNumberInWordRepresentation_2" time="0.002"/>
  <testcase classname="com.val.converter.ExponentOfThousandTest" name="asWords_numberBetweenOneThousandAndOneMillion_returnsNumberInWordsWithCorrectEndings_1" time="0"/>
  <testcase classname="com.val.converter.ExponentOfThousandTest" name="asWords_numberBetweenOneThousandAndOneMillion_returnsNumberInWordsWithCorrectEndings_2" time="0"/>
  <testcase classname="com.val.converter.ExponentOfThousandTest" name="asWords_numberBetweenOneThousandAndOneMillion_returnsNumberInWordsWithCorrectEndings_3" time="0"/>
  <testcase classname="com.val.converter.ExponentOfThousandTest" name="asWords_numberBetweenOneThousandAndOneMillion_returnsNumberInWordsWithCorrectEndings_4" time="0"/>
  <testcase classname="com.val.converter.ExponentOfThousandTest" name="asWords_numberBetweenOneThousandAndOneMillion_returnsNumberInWordsWithCorrectEndings_5" time="0.001"/>
  <testcase classname="com.val.converter.ExponentOfThousandTest" name="asWords_numberBetweenOneThousandAndOneMillion_returnsNumberInWordsWithCorrectEndings_6" time="0.001"/>
  <testcase classname="com.val.converter.ExponentOfThousandTest" name="asWords_numberBetweenOneThousandAndOneMillion_returnsNumberInWordsWithCorrectEndings_7" time="0.001"/>
  <testcase classname="com.val.converter.ExponentOfThousandTest" name="asWords_numberBetweenOneThousandAndOneMillion_returnsNumberInWordsWithCorrectEndings_8" time="0"/>
  <testcase classname="com.val.converter.ExponentOfThousandTest" name="asWords_numberBetweenOneThousandAndOneMillion_returnsNumberInWordsWithCorrectEndings_9" time="0"/>
  <testcase classname="com.val.converter.ExponentOfThousandTest" name="asWords_numberBetweenMillionAndBillion_returnsNumberInWordsWithCorrectEndings_1" time="0.001"/>
  <testcase classname="com.val.converter.ExponentOfThousandTest" name="asWords_numberBetweenMillionAndBillion_returnsNumberInWordsWithCorrectEndings_2" time="0.001"/>
  <testcase classname="com.val.converter.ExponentOfThousandTest" name="asWords_numberBetweenMillionAndBillion_returnsNumberInWordsWithCorrectEndings_3" time="0.001"/>
  <testcase classname="com.val.converter.ExponentOfThousandTest" name="asWords_numberBetweenMillionAndBillion_returnsNumberInWordsWithCorrectEndings_4" time="0.001"/>
  <testcase classname="com.val.converter.ExponentOfThousandTest" name="asWords_numberBetweenMillionAndBillion_returnsNumberInWordsWithCorrectEndings_5" time="0.001"/>
  <testcase classname="com.val.converter.ExponentOfThousandTest" name="asWords_numberBetweenMillionAndBillion_returnsNumberInWordsWithCorrectEndings_6" time="0.001"/>
  <testcase classname="com.val.converter.ExponentOfThousandTest" name="asWords_numberBetweenMillionAndBillion_returnsNumberInWordsWithCorrectEndings_7" time="0.001"/>
  <testcase classname="com.val.converter.ExponentOfThousandTest" name="asWords_numberBetweenMillionAndBillion_returnsNumberInWordsWithCorrectEndings_8" time="0.001"/>
  <testcase classname="com.val.converter.ExponentOfThousandTest" name="asWords_argumentIsOk_noException" time="0"/>
</testsuite>